# JRE version: OpenJDK Runtime Environment Temurin-17.0.9+9 (17.0.9+9) (build 17.0.9+9)
# Java VM: OpenJDK 64-Bit Server VM Temurin-17.0.9+9 (17.0.9+9, mixed mode, tiered, compressed oops, compressed class ptrs, parallel gc, windows-amd64)
GC Precious Log:
 CPUs: 8 total, 8 available
 Memory: 32626M
 Large Page Support: Disabled
 NUMA Support: Disabled
 Compressed Oops: Enabled (32-bit)
 Alignments: Space 512K, Generation 512K, Heap 2M
 Heap Min Capacity: 100M
 Heap Initial Capacity: 100M
 Heap Max Capacity: 1G
 Pre-touch: Disabled
 Parallel Workers: 8
Heap:
 PSYoungGen      total 4608K, used 1331K [0x00000000eab00000, 0x00000000eb180000, 0x0000000100000000)
  eden space 3072K, 0% used [0x00000000eab00000,0x00000000eab00000,0x00000000eae00000)
  from space 1536K, 86% used [0x00000000eb000000,0x00000000eb14cd20,0x00000000eb180000)
  to   space 1536K, 0% used [0x00000000eae80000,0x00000000eae80000,0x00000000eb000000)
 ParOldGen       total 184320K, used 184036K [0x00000000c0000000, 0x00000000cb400000, 0x00000000eab00000)
  object space 184320K, 99% used [0x00000000c0000000,0x00000000cb3b9190,0x00000000cb400000)
 Metaspace       used 54885K, committed 55936K, reserved 1114112K
  class space    used 5916K, committed 6336K, reserved 1048576K
GC Heap History (20 events):
Event: 47.270 GC heap after
{Heap after GC invocations=187 (full 7):
 PSYoungGen      total 4608K, used 1024K [0x00000000eab00000, 0x00000000eb180000, 0x0000000100000000)
  eden space 3584K, 0% used [0x00000000eab00000,0x00000000eab00000,0x00000000eae80000)
  from space 1024K, 100% used [0x00000000eae80000,0x00000000eaf80000,0x00000000eaf80000)
  to   space 1536K, 0% used [0x00000000eb000000,0x00000000eb000000,0x00000000eb180000)
 ParOldGen       total 184320K, used 180771K [0x00000000c0000000, 0x00000000cb400000, 0x00000000eab00000)
  object space 184320K, 98% used [0x00000000c0000000,0x00000000cb088fd8,0x00000000cb400000)
 Metaspace       used 54312K, committed 55296K, reserved 1114112K
  class space    used 5851K, committed 6272K, reserved 1048576K
}
Event: 47.343 GC heap before
{Heap before GC invocations=188 (full 7):
 PSYoungGen      total 4608K, used 4608K [0x00000000eab00000, 0x00000000eb180000, 0x0000000100000000)
  eden space 3584K, 100% used [0x00000000eab00000,0x00000000eae80000,0x00000000eae80000)
  from space 1024K, 100% used [0x00000000eae80000,0x00000000eaf80000,0x00000000eaf80000)
  to   space 1536K, 0% used [0x00000000eb000000,0x00000000eb000000,0x00000000eb180000)
 ParOldGen       total 184320K, used 180771K [0x00000000c0000000, 0x00000000cb400000, 0x00000000eab00000)
  object space 184320K, 98% used [0x00000000c0000000,0x00000000cb088fd8,0x00000000cb400000)
 Metaspace       used 54476K, committed 55488K, reserved 1114112K
  class space    used 5869K, committed 6336K, reserved 1048576K
}
Event: 47.345 GC heap after
{Heap after GC invocations=188 (full 7):
 PSYoungGen      total 5120K, used 855K [0x00000000eab00000, 0x00000000eb180000, 0x0000000100000000)
  eden space 3584K, 0% used [0x00000000eab00000,0x00000000eab00000,0x00000000eae80000)
  from space 1536K, 55% used [0x00000000eb000000,0x00000000eb0d5fc8,0x00000000eb180000)
  to   space 1536K, 0% used [0x00000000eae80000,0x00000000eae80000,0x00000000eb000000)
 ParOldGen       total 184320K, used 181402K [0x00000000c0000000, 0x00000000cb400000, 0x00000000eab00000)
  object space 184320K, 98% used [0x00000000c0000000,0x00000000cb1269d0,0x00000000cb400000)
 Metaspace       used 54476K, committed 55488K, reserved 1114112K
  class space    used 5869K, committed 6336K, reserved 1048576K
}
Event: 47.376 GC heap before
{Heap before GC invocations=189 (full 7):
 PSYoungGen      total 5120K, used 4439K [0x00000000eab00000, 0x00000000eb180000, 0x0000000100000000)
  eden space 3584K, 100% used [0x00000000eab00000,0x00000000eae80000,0x00000000eae80000)
  from space 1536K, 55% used [0x00000000eb000000,0x00000000eb0d5fc8,0x00000000eb180000)
  to   space 1536K, 0% used [0x00000000eae80000,0x00000000eae80000,0x00000000eb000000)
 ParOldGen       total 184320K, used 181402K [0x00000000c0000000, 0x00000000cb400000, 0x00000000eab00000)
  object space 184320K, 98% used [0x00000000c0000000,0x00000000cb1269d0,0x00000000cb400000)
 Metaspace       used 54494K, committed 55552K, reserved 1114112K
  class space    used 5872K, committed 6336K, reserved 1048576K
}
Event: 47.378 GC heap after
{Heap after GC invocations=189 (full 7):
 PSYoungGen      total 5120K, used 1342K [0x00000000eab00000, 0x00000000eb180000, 0x0000000100000000)
  eden space 3584K, 0% used [0x00000000eab00000,0x00000000eab00000,0x00000000eae80000)
  from space 1536K, 87% used [0x00000000eae80000,0x00000000eafcfbc8,0x00000000eb000000)
  to   space 1536K, 0% used [0x00000000eb000000,0x00000000eb000000,0x00000000eb180000)
 ParOldGen       total 184320K, used 181402K [0x00000000c0000000, 0x00000000cb400000, 0x00000000eab00000)
  object space 184320K, 98% used [0x00000000c0000000,0x00000000cb1269d0,0x00000000cb400000)
 Metaspace       used 54494K, committed 55552K, reserved 1114112K
  class space    used 5872K, committed 6336K, reserved 1048576K
}
Event: 47.433 GC heap before
{Heap before GC invocations=190 (full 7):
 PSYoungGen      total 5120K, used 4926K [0x00000000eab00000, 0x00000000eb180000, 0x0000000100000000)
  eden space 3584K, 100% used [0x00000000eab00000,0x00000000eae80000,0x00000000eae80000)
  from space 1536K, 87% used [0x00000000eae80000,0x00000000eafcfbc8,0x00000000eb000000)
  to   space 1536K, 0% used [0x00000000eb000000,0x00000000eb000000,0x00000000eb180000)
 ParOldGen       total 184320K, used 181402K [0x00000000c0000000, 0x00000000cb400000, 0x00000000eab00000)
  object space 184320K, 98% used [0x00000000c0000000,0x00000000cb1269d0,0x00000000cb400000)
 Metaspace       used 54546K, committed 55552K, reserved 1114112K
  class space    used 5878K, committed 6336K, reserved 1048576K
}
Event: 47.436 GC heap after
{Heap after GC invocations=190 (full 7):
 PSYoungGen      total 4608K, used 1514K [0x00000000eab00000, 0x00000000eb280000, 0x0000000100000000)
  eden space 3072K, 0% used [0x00000000eab00000,0x00000000eab00000,0x00000000eae00000)
  from space 1536K, 98% used [0x00000000eb000000,0x00000000eb17aa70,0x00000000eb180000)
  to   space 2048K, 0% used [0x00000000eae00000,0x00000000eae00000,0x00000000eb000000)
 ParOldGen       total 184320K, used 181645K [0x00000000c0000000, 0x00000000cb400000, 0x00000000eab00000)
  object space 184320K, 98% used [0x00000000c0000000,0x00000000cb1634b0,0x00000000cb400000)
 Metaspace       used 54546K, committed 55552K, reserved 1114112K
  class space    used 5878K, committed 6336K, reserved 1048576K
}
Event: 47.461 GC heap before
{Heap before GC invocations=191 (full 7):
 PSYoungGen      total 4608K, used 4586K [0x00000000eab00000, 0x00000000eb280000, 0x0000000100000000)
  eden space 3072K, 100% used [0x00000000eab00000,0x00000000eae00000,0x00000000eae00000)
  from space 1536K, 98% used [0x00000000eb000000,0x00000000eb17aa70,0x00000000eb180000)
  to   space 2048K, 0% used [0x00000000eae00000,0x00000000eae00000,0x00000000eb000000)
 ParOldGen       total 184320K, used 181645K [0x00000000c0000000, 0x00000000cb400000, 0x00000000eab00000)
  object space 184320K, 98% used [0x00000000c0000000,0x00000000cb1634b0,0x00000000cb400000)
 Metaspace       used 54548K, committed 55552K, reserved 1114112K
  class space    used 5878K, committed 6336K, reserved 1048576K
}
Event: 47.463 GC heap after
{Heap after GC invocations=191 (full 7):
 PSYoungGen      total 5120K, used 1431K [0x00000000eab00000, 0x00000000eb200000, 0x0000000100000000)
  eden space 3072K, 0% used [0x00000000eab00000,0x00000000eab00000,0x00000000eae00000)
  from space 2048K, 69% used [0x00000000eae00000,0x00000000eaf65eb8,0x00000000eb000000)
  to   space 2048K, 0% used [0x00000000eb000000,0x00000000eb000000,0x00000000eb200000)
 ParOldGen       total 184320K, used 182322K [0x00000000c0000000, 0x00000000cb400000, 0x00000000eab00000)
  object space 184320K, 98% used [0x00000000c0000000,0x00000000cb20cbb8,0x00000000cb400000)
 Metaspace       used 54548K, committed 55552K, reserved 1114112K
  class space    used 5878K, committed 6336K, reserved 1048576K
}
Event: 47.586 GC heap before
{Heap before GC invocations=192 (full 7):
 PSYoungGen      total 5120K, used 4503K [0x00000000eab00000, 0x00000000eb200000, 0x0000000100000000)
  eden space 3072K, 100% used [0x00000000eab00000,0x00000000eae00000,0x00000000eae00000)
  from space 2048K, 69% used [0x00000000eae00000,0x00000000eaf65eb8,0x00000000eb000000)
  to   space 2048K, 0% used [0x00000000eb000000,0x00000000eb000000,0x00000000eb200000)
 ParOldGen       total 184320K, used 182322K [0x00000000c0000000, 0x00000000cb400000, 0x00000000eab00000)
  object space 184320K, 98% used [0x00000000c0000000,0x00000000cb20cbb8,0x00000000cb400000)
 Metaspace       used 54630K, committed 55616K, reserved 1114112K
  class space    used 5889K, committed 6336K, reserved 1048576K
}
Event: 47.589 GC heap after
{Heap after GC invocations=192 (full 7):
 PSYoungGen      total 5120K, used 1737K [0x00000000eab00000, 0x00000000eb200000, 0x0000000100000000)
  eden space 3072K, 0% used [0x00000000eab00000,0x00000000eab00000,0x00000000eae00000)
  from space 2048K, 84% used [0x00000000eb000000,0x00000000eb1b24b8,0x00000000eb200000)
  to   space 2048K, 0% used [0x00000000eae00000,0x00000000eae00000,0x00000000eb000000)
 ParOldGen       total 184320K, used 182322K [0x00000000c0000000, 0x00000000cb400000, 0x00000000eab00000)
  object space 184320K, 98% used [0x00000000c0000000,0x00000000cb20cbb8,0x00000000cb400000)
 Metaspace       used 54630K, committed 55616K, reserved 1114112K
  class space    used 5889K, committed 6336K, reserved 1048576K
}
Event: 47.665 GC heap before
{Heap before GC invocations=193 (full 7):
 PSYoungGen      total 5120K, used 4809K [0x00000000eab00000, 0x00000000eb200000, 0x0000000100000000)
  eden space 3072K, 100% used [0x00000000eab00000,0x00000000eae00000,0x00000000eae00000)
  from space 2048K, 84% used [0x00000000eb000000,0x00000000eb1b24b8,0x00000000eb200000)
  to   space 2048K, 0% used [0x00000000eae00000,0x00000000eae00000,0x00000000eb000000)
 ParOldGen       total 184320K, used 182322K [0x00000000c0000000, 0x00000000cb400000, 0x00000000eab00000)
  object space 184320K, 98% used [0x00000000c0000000,0x00000000cb20cbb8,0x00000000cb400000)
 Metaspace       used 54719K, committed 55744K, reserved 1114112K
  class space    used 5901K, committed 6336K, reserved 1048576K
}
Event: 47.668 GC heap after
{Heap after GC invocations=193 (full 7):
 PSYoungGen      total 5120K, used 2023K [0x00000000eab00000, 0x00000000eb300000, 0x0000000100000000)
  eden space 3072K, 0% used [0x00000000eab00000,0x00000000eab00000,0x00000000eae00000)
  from space 2048K, 98% used [0x00000000eae00000,0x00000000eaff9f48,0x00000000eb000000)
  to   space 2560K, 0% used [0x00000000eb080000,0x00000000eb080000,0x00000000eb300000)
 ParOldGen       total 184320K, used 182408K [0x00000000c0000000, 0x00000000cb400000, 0x00000000eab00000)
  object space 184320K, 98% used [0x00000000c0000000,0x00000000cb222298,0x00000000cb400000)
 Metaspace       used 54719K, committed 55744K, reserved 1114112K
  class space    used 5901K, committed 6336K, reserved 1048576K
}
Event: 47.722 GC heap before
{Heap before GC invocations=194 (full 7):
 PSYoungGen      total 5120K, used 5095K [0x00000000eab00000, 0x00000000eb300000, 0x0000000100000000)
  eden space 3072K, 100% used [0x00000000eab00000,0x00000000eae00000,0x00000000eae00000)
  from space 2048K, 98% used [0x00000000eae00000,0x00000000eaff9f48,0x00000000eb000000)
  to   space 2560K, 0% used [0x00000000eb080000,0x00000000eb080000,0x00000000eb300000)
 ParOldGen       total 184320K, used 182408K [0x00000000c0000000, 0x00000000cb400000, 0x00000000eab00000)
  object space 184320K, 98% used [0x00000000c0000000,0x00000000cb222298,0x00000000cb400000)
 Metaspace       used 54875K, committed 55872K, reserved 1114112K
  class space    used 5916K, committed 6336K, reserved 1048576K
}
Event: 47.726 GC heap after
{Heap after GC invocations=194 (full 7):
 PSYoungGen      total 5120K, used 1642K [0x00000000eab00000, 0x00000000eb280000, 0x0000000100000000)
  eden space 3072K, 0% used [0x00000000eab00000,0x00000000eab00000,0x00000000eae00000)
  from space 2048K, 80% used [0x00000000eb080000,0x00000000eb21abe8,0x00000000eb280000)
  to   space 2048K, 0% used [0x00000000eae00000,0x00000000eae00000,0x00000000eb000000)
 ParOldGen       total 184320K, used 183254K [0x00000000c0000000, 0x00000000cb400000, 0x00000000eab00000)
  object space 184320K, 99% used [0x00000000c0000000,0x00000000cb2f5928,0x00000000cb400000)
 Metaspace       used 54875K, committed 55872K, reserved 1114112K
  class space    used 5916K, committed 6336K, reserved 1048576K
}
Event: 47.734 GC heap before
{Heap before GC invocations=195 (full 7):
 PSYoungGen      total 5120K, used 4714K [0x00000000eab00000, 0x00000000eb280000, 0x0000000100000000)
  eden space 3072K, 100% used [0x00000000eab00000,0x00000000eae00000,0x00000000eae00000)
  from space 2048K, 80% used [0x00000000eb080000,0x00000000eb21abe8,0x00000000eb280000)
  to   space 2048K, 0% used [0x00000000eae00000,0x00000000eae00000,0x00000000eb000000)
 ParOldGen       total 184320K, used 183254K [0x00000000c0000000, 0x00000000cb400000, 0x00000000eab00000)
  object space 184320K, 99% used [0x00000000c0000000,0x00000000cb2f5928,0x00000000cb400000)
 Metaspace       used 54875K, committed 55872K, reserved 1114112K
  class space    used 5916K, committed 6336K, reserved 1048576K
}
Event: 47.738 GC heap after
{Heap after GC invocations=195 (full 7):
 PSYoungGen      total 5120K, used 1846K [0x00000000eab00000, 0x00000000eb200000, 0x0000000100000000)
  eden space 3072K, 0% used [0x00000000eab00000,0x00000000eab00000,0x00000000eae00000)
  from space 2048K, 90% used [0x00000000eae00000,0x00000000eafcd9b0,0x00000000eb000000)
  to   space 2048K, 0% used [0x00000000eb000000,0x00000000eb000000,0x00000000eb200000)
 ParOldGen       total 184320K, used 183254K [0x00000000c0000000, 0x00000000cb400000, 0x00000000eab00000)
  object space 184320K, 99% used [0x00000000c0000000,0x00000000cb2f5928,0x00000000cb400000)
 Metaspace       used 54875K, committed 55872K, reserved 1114112K
  class space    used 5916K, committed 6336K, reserved 1048576K
}
Event: 47.758 GC heap before
{Heap before GC invocations=196 (full 7):
 PSYoungGen      total 5120K, used 4918K [0x00000000eab00000, 0x00000000eb200000, 0x0000000100000000)
  eden space 3072K, 100% used [0x00000000eab00000,0x00000000eae00000,0x00000000eae00000)
  from space 2048K, 90% used [0x00000000eae00000,0x00000000eafcd9b0,0x00000000eb000000)
  to   space 2048K, 0% used [0x00000000eb000000,0x00000000eb000000,0x00000000eb200000)
 ParOldGen       total 184320K, used 183254K [0x00000000c0000000, 0x00000000cb400000, 0x00000000eab00000)
  object space 184320K, 99% used [0x00000000c0000000,0x00000000cb2f5928,0x00000000cb400000)
 Metaspace       used 54885K, committed 55936K, reserved 1114112K
  class space    used 5916K, committed 6336K, reserved 1048576K
}
Event: 47.761 GC heap after
{Heap after GC invocations=196 (full 7):
 PSYoungGen      total 4608K, used 1331K [0x00000000eab00000, 0x00000000eb180000, 0x0000000100000000)
  eden space 3072K, 0% used [0x00000000eab00000,0x00000000eab00000,0x00000000eae00000)
  from space 1536K, 86% used [0x00000000eb000000,0x00000000eb14cd20,0x00000000eb180000)
  to   space 1536K, 0% used [0x00000000eae80000,0x00000000eae80000,0x00000000eb000000)
 ParOldGen       total 184320K, used 184036K [0x00000000c0000000, 0x00000000cb400000, 0x00000000eab00000)
  object space 184320K, 99% used [0x00000000c0000000,0x00000000cb3b9190,0x00000000cb400000)
 Metaspace       used 54885K, committed 55936K, reserved 1114112K
  class space    used 5916K, committed 6336K, reserved 1048576K
}
Event: 47.761 GC heap before
{Heap before GC invocations=197 (full 8):
 PSYoungGen      total 4608K, used 1331K [0x00000000eab00000, 0x00000000eb180000, 0x0000000100000000)
  eden space 3072K, 0% used [0x00000000eab00000,0x00000000eab00000,0x00000000eae00000)
  from space 1536K, 86% used [0x00000000eb000000,0x00000000eb14cd20,0x00000000eb180000)
  to   space 1536K, 0% used [0x00000000eae80000,0x00000000eae80000,0x00000000eb000000)
 ParOldGen       total 184320K, used 184036K [0x00000000c0000000, 0x00000000cb400000, 0x00000000eab00000)
  object space 184320K, 99% used [0x00000000c0000000,0x00000000cb3b9190,0x00000000cb400000)
 Metaspace       used 54885K, committed 55936K, reserved 1114112K
  class space    used 5916K, committed 6336K, reserved 1048576K
}

